[main 006bd04] auto message
 73 files changed, 17536 insertions(+), 69 deletions(-)
 create mode 100644 dist/lys_0.2.0.syl
 create mode 100644 dist/lys_0.2.0.uvd
 create mode 100644 dist/lys_0.2.0/uvd/hooks/install/install.sh
 create mode 100644 dist/lys_0.2.0/uvd/hooks/install/post.sh
 create mode 100644 dist/lys_0.2.0/uvd/hooks/install/pre.sh
 create mode 100644 dist/lys_0.2.0/uvd/hooks/install/prepare.sh
 create mode 100644 dist/lys_0.2.0/uvd/hooks/package/dmg.sh
 create mode 100644 dist/lys_0.2.0/uvd/hooks/package/exe.sh
 create mode 100644 dist/lys_0.2.0/uvd/hooks/uninstall/post.sh
 create mode 100644 dist/lys_0.2.0/uvd/hooks/uninstall/pre.sh
 create mode 100644 dist/lys_0.2.0/uvd/hooks/uninstall/prepare.sh
 create mode 100644 dist/lys_0.2.0/uvd/hooks/uninstall/uninstall.sh
 create mode 100644 dist/lys_0.2.0/uvd/hooks/upgrade/post.sh
 create mode 100644 dist/lys_0.2.0/uvd/hooks/upgrade/pre.sh
 create mode 100644 dist/lys_0.2.0/uvd/hooks/upgrade/prepare.sh
 create mode 100644 dist/lys_0.2.0/uvd/hooks/upgrade/upgrade.sh
 create mode 100644 dist/lys_0.2.0/uvd/lys.svg
 create mode 100644 dist/lys_0.2.0/uvd/tree/AGENT.md
 create mode 100644 dist/lys_0.2.0/uvd/tree/Cargo.lock
 create mode 100644 dist/lys_0.2.0/uvd/tree/Cargo.toml
 create mode 100644 dist/lys_0.2.0/uvd/tree/LICENSE
 create mode 100644 dist/lys_0.2.0/uvd/tree/README.md
 create mode 100644 dist/lys_0.2.0/uvd/tree/favicon-96x96.png
 create mode 100644 dist/lys_0.2.0/uvd/tree/favicon.ico
 create mode 100644 dist/lys_0.2.0/uvd/tree/favicon.svg
 create mode 100644 dist/lys_0.2.0/uvd/tree/lys
 create mode 100644 dist/lys_0.2.0/uvd/tree/lys.1
 create mode 100644 dist/lys_0.2.0/uvd/tree/lys.png
 create mode 100644 dist/lys_0.2.0/uvd/tree/lys.svg
 create mode 100644 dist/lys_0.2.0/uvd/tree/shells/lys.fish
 create mode 100644 dist/lys_0.2.0/uvd/tree/shells/syl.fish
 create mode 100644 dist/lys_0.2.0/uvd/tree/site.webmanifest
 create mode 100644 dist/lys_0.2.0/uvd/tree/src/bin/syl.rs
 create mode 100644 dist/lys_0.2.0/uvd/tree/src/chat.rs
 create mode 100644 dist/lys_0.2.0/uvd/tree/src/commit.rs
 create mode 100644 dist/lys_0.2.0/uvd/tree/src/crypto.rs
 create mode 100644 dist/lys_0.2.0/uvd/tree/src/db.rs
 create mode 100644 dist/lys_0.2.0/uvd/tree/src/import.rs
 create mode 100644 dist/lys_0.2.0/uvd/tree/src/main.rs
 create mode 100644 dist/lys_0.2.0/uvd/tree/src/mount.rs
 create mode 100644 dist/lys_0.2.0/uvd/tree/src/shell.rs
 create mode 100644 dist/lys_0.2.0/uvd/tree/src/todo.rs
 create mode 100644 dist/lys_0.2.0/uvd/tree/src/tree.rs
 create mode 100644 dist/lys_0.2.0/uvd/tree/src/utils.rs
 create mode 100644 dist/lys_0.2.0/uvd/tree/src/vcs.rs
 create mode 100644 dist/lys_0.2.0/uvd/tree/src/web.rs
 create mode 100644 dist/lys_0.2.0/uvd/tree/syl
 create mode 100644 dist/lys_0.2.0/uvd/tree/syl.toml
 create mode 100644 dist/lys_0.2.0/uvd/tree/uvd/hooks/install/install.sh
 create mode 100644 dist/lys_0.2.0/uvd/tree/uvd/hooks/install/post.sh
 create mode 100644 dist/lys_0.2.0/uvd/tree/uvd/hooks/install/pre.sh
 create mode 100644 dist/lys_0.2.0/uvd/tree/uvd/hooks/install/prepare.sh
 create mode 100644 dist/lys_0.2.0/uvd/tree/uvd/hooks/package/dmg.sh
 create mode 100644 dist/lys_0.2.0/uvd/tree/uvd/hooks/package/exe.sh
 create mode 100644 dist/lys_0.2.0/uvd/tree/uvd/hooks/uninstall/post.sh
 create mode 100644 dist/lys_0.2.0/uvd/tree/uvd/hooks/uninstall/pre.sh
 create mode 100644 dist/lys_0.2.0/uvd/tree/uvd/hooks/uninstall/prepare.sh
 create mode 100644 dist/lys_0.2.0/uvd/tree/uvd/hooks/uninstall/uninstall.sh
 create mode 100644 dist/lys_0.2.0/uvd/tree/uvd/hooks/upgrade/post.sh
 create mode 100644 dist/lys_0.2.0/uvd/tree/uvd/hooks/upgrade/pre.sh
 create mode 100644 dist/lys_0.2.0/uvd/tree/uvd/hooks/upgrade/prepare.sh
 create mode 100644 dist/lys_0.2.0/uvd/tree/uvd/hooks/upgrade/upgrade.sh
 create mode 100644 dist/lys_0.2.0/uvd/tree/uvd/lys.svg
 create mode 100644 dist/lys_0.2.0/uvd/tree/uvd/uvd.json
 create mode 100644 dist/lys_0.2.0/uvd/tree/web-app-manifest-192x192.png
 create mode 100644 dist/lys_0.2.0/uvd/tree/web-app-manifest-512x512.png
 create mode 100644 dist/lys_0.2.0/uvd/uvd.json
 create mode 100644 hamon/stderr/10.log
 create mode 100644 hamon/stderr/11.log
 create mode 100644 hamon/stdout/10.log
 create mode 100644 hamon/stdout/11.log
